This is TeX, C Version 3.14t3 (format=lplain 92.5.20)  27 OCT 1992 13:52
**rahmen
(rahmen.tex
LaTeX Version 2.09 <7 Dec 1989>
(/usr/local/.tex/lib/macros/report.sty
Document Style `report' <5 Feb 88>, modified at TUW <29 Sep 88>
(/usr/local/.tex/lib/macros/rep10.sty)
\descriptionmargin=\dimen99
\c@part=\count79
\c@chapter=\count80
\c@section=\count81
\c@subsection=\count82
\c@subsubsection=\count83
\c@paragraph=\count84
\c@subparagraph=\count85
\c@figure=\count86
\c@table=\count87

(/usr/local/.tex/lib/macros/titlepage.sty))
\@indexfile=\write3

Writing index file rahmen.idx 
(hyphen.tex) (bib.tex) (rahmen.aux (mkrp1.aux) (mkrp2.aux) (mkrp3.aux)
(mkrp4.aux) (mkrp5.aux) (mkrp6.aux) (mkrp7.aux) (literature.aux) (index.aux))
[0

] (rahmen.toc [1

])
\tf@toc=\write4
 [2] (mkrp1.tex
Chapter 1.
[3


] [4] [5] [6] [7] [8]) [9] [10] (mkrp2.tex
Chapter 2.
[11



] [12] [13] [14]) [15] (mkrp3.tex
Chapter 3.
[16



] [17] [18] [19] [20] [21] [22] [23] [24] [25] [26]) [27] (mkrp4.tex
Chapter 4.
[28



] [29] [30]) [31] [32] (mkrp5.tex
Chapter 5.
[33



] [34] [35] [36] [37] [38] [39] [40] [41] [42] [43] [44] [45] [46] [47]
[48] [49] [50] [51] [52]
\il=\dimen100
\rulewithif=\skip41
\rulewithoutif=\skip42
\iflength=\skip43
\rulerestwidth=\skip44
\malength=\skip45
\block=\box25
\blocka=\box26
\blockb=\box27
 [53] [54] [55] [56] [57] [58] [59] [60] [61]) [62]
(mkrp6.tex
Chapter 6.
[63



] [64] [65] [66]) [67] (mkrp7.tex
Chapter 7.
[68



] [69] [70] [71] [72] [73] [74] [75]) [76] (literature.tex (bmacros.tex)
(rahmen.bbl [77



] [78] [79] [80])) [81] (index.tex (rahmen.ind [82



] [83]
[84] [85] [86] [87] [88

])) (rahmen.aux (mkrp1.aux) (mkrp2.aux) (mkrp3.aux)
(mkrp4.aux) (mkrp5.aux) (mkrp6.aux) (mkrp7.aux) (literature.aux) (index.aux)) )
 
Here is how much of TeX's memory you used:
 556 strings out of 4424
 5125 string characters out of 62974
 57938 words of memory out of 262141
 2335 multiletter control sequences out of 9500
 20214 words of font info for 76 fonts, out of 72000 for 255
 24 hyphenation exceptions out of 607
 18i,12n,22p,243b,382s stack positions out of 300i,40n,60p,3000b,4000s
Output written on rahmen.dvi (89 pages, 265568 bytes).
