 /"OPTION MSG=FH"
 T
 =OPT*RED:I.CLAUSE.REPL.RESOLUTION
 =TR.ANDREWS.BIG
 =252
 =CG-INSERT.CLAUSE
 =CG-REMOVE.CLAUSE
 =CG-REMOVE.LITERAL
 =CG-REPLACE.LITERAL
 =
 MEMORY-INITIALIZATION
 MEMORY-SIZE :24000
 NIL
 = CONSTRUCT:     *********    AUFBAU DER INITIALEN GRAPHEN.    **********    
 AXIOM         4 MSEC  LINKS:   0 +  0 -  0 CLAUSES:  0 + 0 - 0 STORE:523  23
 THEOREM    1107 MSEC  LINKS:   6 +  6 -  0 CLAUSES:  1 + 1 - 0 STORE:414  19
 THEOREM    2130 MSEC  LINKS:  25 + 19 -  0 CLAUSES:  2 + 1 - 0 STORE:408  19
 THEOREM    4073 MSEC  LINKS:  58 + 33 -  0 CLAUSES:  3 + 1 - 0 STORE:397  19
 THEOREM    8928 MSEC  LINKS: 116 + 58 -  0 CLAUSES:  4 + 1 - 0 STORE:378  18
 THEOREM    2796 MSEC  LINKS: 165 + 49 -  0 CLAUSES:  5 + 1 - 0 STORE:371  17
 THEOREM    6797 MSEC  LINKS: 167 + 51 - 49 CLAUSES:  5 + 1 - 1 STORE:353  17
 THEOREM    4947 MSEC  LINKS: 220 + 53 -  0 CLAUSES:  6 + 1 - 0 STORE:339  17
 THEOREM    9668 MSEC  LINKS:   3 +  0 -217 CLAUSES:  1 + 0 - 5 STORE:309  17
 THEOREM    2115 MSEC  LINKS:  18 + 15 -  0 CLAUSES:  2 + 1 - 0 STORE:303  19
 THEOREM    3218 MSEC  LINKS:  46 + 28 -  0 CLAUSES:  3 + 1 - 0 STORE:295  19
 THEOREM    9450 MSEC  LINKS:  88 + 42 -  0 CLAUSES:  4 + 1 - 0 STORE:274  18
 THEOREM    6215 MSEC  LINKS: 143 + 55 -  0 CLAUSES:  5 + 1 - 0 STORE:259  17
 THEOREM    3631 MSEC  LINKS: 193 + 50 -  0 CLAUSES:  6 + 1 - 0 STORE:249  17
 THEOREM   13415 MSEC  LINKS: 200 + 57 - 50 CLAUSES:  6 + 1 - 1 STORE:219  16
 THEOREM    5428 MSEC  LINKS: 253 + 53 -  0 CLAUSES:  7 + 1 - 0 STORE:206  16
 THEOREM   13169 MSEC  LINKS:  30 +  0 -223 CLAUSES:  3 + 0 - 4 STORE:175  16
 THEOREM    5183 MSEC  LINKS:  62 + 32 -  0 CLAUSES:  4 + 1 - 0 STORE:164  18
 THEOREM    6874 MSEC  LINKS: 109 + 47 -  0 CLAUSES:  5 + 1 - 0 STORE:149  18
 THEOREM    9997 MSEC  LINKS: 168 + 59 -  0 CLAUSES:  6 + 1 - 0 STORE:128  17
 THEOREM   17361 MSEC  LINKS: 258 + 90 -  0 CLAUSES:  7 + 1 - 0 STORE: 94  16
 THEOREM   10036 MSEC  LINKS: 332 + 74 -  0 CLAUSES:  8 + 1 - 0 STORE: 77  15
 GC ACTIVATED
 GC ENDED
 THEOREM   11137 MSEC  LINKS: 333 + 75 - 74 CLAUSES:  8 + 1 - 1 STORE:474  14
 THEOREM    9284 MSEC  LINKS: 409 + 76 -  0 CLAUSES:  9 + 1 - 0 STORE:452  14
 THEOREM   15269 MSEC  LINKS:  55 +  0 -354 CLAUSES:  4 + 0 - 5 STORE:410  14
 THEOREM    7150 MSEC  LINKS: 111 + 56 -  0 CLAUSES:  5 + 1 - 0 STORE:391  18
 THEOREM   11904 MSEC  LINKS: 152 + 56 - 15 CLAUSES:  6 + 1 - 0 STORE:362  17
 THEOREM   11045 MSEC  LINKS: 240 + 88 -  0 CLAUSES:  7 + 1 - 0 STORE:337  16
 THEOREM   18819 MSEC  LINKS: 303 + 83 - 20 CLAUSES:  8 + 1 - 0 STORE:295  15
 THEOREM    8253 MSEC  LINKS: 378 + 75 -  0 CLAUSES:  9 + 1 - 0 STORE:276  15
 THEOREM   24971 MSEC  LINKS: 485 +117 - 10 CLAUSES: 10 + 1 - 0 STORE:225  13
 THEOREM   13237 MSEC  LINKS: 571 + 86 -  0 CLAUSES: 11 + 1 - 0 STORE:203  12
 THEOREM   50514 MSEC  LINKS: 354 +  0 -217 CLAUSES:  9 + 0 - 2 STORE:113  12
 THEOREM    5297 MSEC  LINKS: 423 + 69 -  0 CLAUSES: 10 + 1 - 0 STORE:100  14
 THEOREM    6395 MSEC  LINKS: 504 + 81 -  0 CLAUSES: 11 + 1 - 0 STORE: 86  13
 GC ACTIVATED
 GC ENDED
 THEOREM    9587 MSEC  LINKS: 595 + 91 -  0 CLAUSES: 12 + 1 - 0 STORE:488  12
 THEOREM    7951 MSEC  LINKS: 696 +101 -  0 CLAUSES: 13 + 1 - 0 STORE:469  11
 THEOREM    5482 MSEC  LINKS: 772 + 76 -  0 CLAUSES: 14 + 1 - 0 STORE:456  10
 THEOREM   13126 MSEC  LINKS: 787 + 91 - 76 CLAUSES: 14 + 1 - 1 STORE:433   9
 THEOREM    6246 MSEC  LINKS: 857 + 70 -  0 CLAUSES: 15 + 1 - 0 STORE:418   9
 THEOREM   16687 MSEC  LINKS: 445 +  0 -412 CLAUSES: 11 + 0 - 4 STORE:379   9
 THEOREM    9432 MSEC  LINKS: 532 + 87 -  0 CLAUSES: 12 + 1 - 0 STORE:357  12
 THEOREM   15223 MSEC  LINKS: 633 +101 -  0 CLAUSES: 13 + 1 - 0 STORE:329  11
 THEOREM   15090 MSEC  LINKS: 741 +108 -  0 CLAUSES: 14 + 1 - 0 STORE:299  10
 THEOREM   23735 MSEC  LINKS: 897 +156 -  0 CLAUSES: 15 + 1 - 0 STORE:254   8
 THEOREM   10147 MSEC  LINKS:1000 +103 -  0 CLAUSES: 16 + 1 - 0 STORE:235   7
 THEOREM   20414 MSEC  LINKS:1005 +108 -103 CLAUSES: 16 + 1 - 1 STORE:200   6
 THEOREM   16559 MSEC  LINKS:1101 + 96 -  0 CLAUSES: 17 + 1 - 0 STORE:169   6
 THEOREM   34226 MSEC  LINKS: 444 +  0 -657 CLAUSES: 11 + 0 - 6 STORE:106   6
 THEOREM   10741 MSEC  LINKS: 522 + 78 -  0 CLAUSES: 12 + 1 - 0 STORE: 84  12
 GC ACTIVATED
 GC ENDED
 THEOREM   10553 MSEC  LINKS: 599 + 77 -  0 CLAUSES: 13 + 1 - 0 STORE:489  11
 THEOREM   15533 MSEC  LINKS: 698 + 99 -  0 CLAUSES: 14 + 1 - 0 STORE:454  10
 THEOREM   10377 MSEC  LINKS: 793 + 95 -  0 CLAUSES: 15 + 1 - 0 STORE:433   9
 THEOREM    6145 MSEC  LINKS: 876 + 83 -  0 CLAUSES: 16 + 1 - 0 STORE:419   8
 THEOREM   18312 MSEC  LINKS: 890 + 97 - 83 CLAUSES: 16 + 1 - 1 STORE:380   7
 THEOREM    7248 MSEC  LINKS: 966 + 76 -  0 CLAUSES: 17 + 1 - 0 STORE:365   7
 THEOREM   19786 MSEC  LINKS: 656 +  0 -310 CLAUSES: 14 + 0 - 3 STORE:326   7
 THEOREM   12419 MSEC  LINKS: 729 + 73 -  0 CLAUSES: 15 + 1 - 0 STORE:301  10
 THEOREM   11137 MSEC  LINKS: 810 + 81 -  0 CLAUSES: 16 + 1 - 0 STORE:277   9
 THEOREM   19409 MSEC  LINKS: 897 + 87 -  0 CLAUSES: 17 + 1 - 0 STORE:246   8
 THEOREM   14130 MSEC  LINKS:1030 +133 -  0 CLAUSES: 18 + 1 - 0 STORE:219   7
 THEOREM    9522 MSEC  LINKS:1092 + 62 -  0 CLAUSES: 19 + 1 - 0 STORE:200   6
 THEOREM   22035 MSEC  LINKS:1105 + 75 - 62 CLAUSES: 19 + 1 - 1 STORE:162   5
 THEOREM   12465 MSEC  LINKS:1153 + 48 -  0 CLAUSES: 20 + 1 - 0 STORE:138   5
 GC ACTIVATED
 GC ENDED
 THEOREM   42358 MSEC  LINKS:  82 +  0 -
                                       1071 CLAUSES:  7 + 0 -13 STORE:467   6
 THEOREM    1742 MSEC  LINKS:  82 +  0 -  0 CLAUSES:  7 + 0 - 0 STORE:462  18
 THEOREM    1781 MSEC  LINKS:  82 +  0 -  0 CLAUSES:  7 + 0 - 0 STORE:458  18
 THEOREM    3980 MSEC  LINKS:  82 +  0 -  0 CLAUSES:  7 + 0 - 0 STORE:453  18
 THEOREM    1745 MSEC  LINKS:  82 +  0 -  0 CLAUSES:  7 + 0 - 0 STORE:448  18
 THEOREM    1591 MSEC  LINKS:  82 +  0 -  0 CLAUSES:  7 + 0 - 0 STORE:444  18
 THEOREM    1850 MSEC  LINKS:  82 +  0 -  0 CLAUSES:  7 + 0 - 0 STORE:438  18
 THEOREM    1622 MSEC  LINKS:  82 +  0 -  0 CLAUSES:  7 + 0 - 0 STORE:434  18
 THEOREM    1878 MSEC  LINKS:  82 +  0 -  0 CLAUSES:  7 + 0 - 0 STORE:429  18
 THEOREM    1722 MSEC  LINKS:  82 +  0 -  0 CLAUSES:  7 + 0 - 0 STORE:424  18
 THEOREM    1758 MSEC  LINKS:  82 +  0 -  0 CLAUSES:  7 + 0 - 0 STORE:419  18
 THEOREM    1718 MSEC  LINKS:  82 +  0 -  0 CLAUSES:  7 + 0 - 0 STORE:415  18
 THEOREM    1741 MSEC  LINKS:  82 +  0 -  0 CLAUSES:  7 + 0 - 0 STORE:410  18
 THEOREM    1572 MSEC  LINKS:  82 +  0 -  0 CLAUSES:  7 + 0 - 0 STORE:405  18
 THEOREM    1857 MSEC  LINKS:  82 +  0 -  0 CLAUSES:  7 + 0 - 0 STORE:400  18
 THEOREM    1599 MSEC  LINKS:  82 +  0 -  0 CLAUSES:  7 + 0 - 0 STORE:396  18
 THEOREM    4256 MSEC  LINKS:  96 + 14 -  0 CLAUSES:  8 + 1 - 0 STORE:385  18
 THEOREM    1928 MSEC  LINKS:  96 +  0 -  0 CLAUSES:  8 + 0 - 0 STORE:380  18
 THEOREM    1913 MSEC  LINKS:  96 +  0 -  0 CLAUSES:  8 + 0 - 0 STORE:375  18
 THEOREM    1942 MSEC  LINKS:  96 +  0 -  0 CLAUSES:  8 + 0 - 0 STORE:369  18
 THEOREM    1911 MSEC  LINKS:  96 +  0 -  0 CLAUSES:  8 + 0 - 0 STORE:364  18
 THEOREM    3926 MSEC  LINKS:  96 +  0 -  0 CLAUSES:  8 + 0 - 0 STORE:359  18
 THEOREM    2053 MSEC  LINKS:  96 +  0 -  0 CLAUSES:  8 + 0 - 0 STORE:354  18
 THEOREM    1810 MSEC  LINKS:  96 +  0 -  0 CLAUSES:  8 + 0 - 0 STORE:349  18
 THEOREM    2049 MSEC  LINKS:  96 +  0 -  0 CLAUSES:  8 + 0 - 0 STORE:344  18
 THEOREM    1909 MSEC  LINKS:  96 +  0 -  0 CLAUSES:  8 + 0 - 0 STORE:339  18
 THEOREM    1964 MSEC  LINKS:  96 +  0 -  0 CLAUSES:  8 + 0 - 0 STORE:334  18
 THEOREM    1922 MSEC  LINKS:  96 +  0 -  0 CLAUSES:  8 + 0 - 0 STORE:328  18
 THEOREM    1930 MSEC  LINKS:  96 +  0 -  0 CLAUSES:  8 + 0 - 0 STORE:322  18
 THEOREM    1747 MSEC  LINKS:  96 +  0 -  0 CLAUSES:  8 + 0 - 0 STORE:318  18
 THEOREM    2059 MSEC  LINKS:  96 +  0 -  0 CLAUSES:  8 + 0 - 0 STORE:312  18
 THEOREM    1801 MSEC  LINKS:  96 +  0 -  0 CLAUSES:  8 + 0 - 0 STORE:307  18
 THEOREM    5057 MSEC  LINKS: 114 + 18 -  0 CLAUSES:  9 + 1 - 0 STORE:296  18
 THEOREM    1890 MSEC  LINKS: 114 +  0 -  0 CLAUSES:  9 + 0 - 0 STORE:291  18
 THEOREM    1907 MSEC  LINKS: 114 +  0 -  0 CLAUSES:  9 + 0 - 0 STORE:286  18
 THEOREM    1892 MSEC  LINKS: 114 +  0 -  0 CLAUSES:  9 + 0 - 0 STORE:281  18
 THEOREM    1908 MSEC  LINKS: 114 +  0 -  0 CLAUSES:  9 + 0 - 0 STORE:276  18
 THEOREM    1729 MSEC  LINKS: 114 +  0 -  0 CLAUSES:  9 + 0 - 0 STORE:272  18
 THEOREM    2042 MSEC  LINKS: 114 +  0 -  0 CLAUSES:  9 + 0 - 0 STORE:266  18
 THEOREM    3910 MSEC  LINKS: 114 +  0 -  0 CLAUSES:  9 + 0 - 0 STORE:262  18
 THEOREM    9320 MSEC  LINKS:  19 +  0 - 95 CLAUSES:  4 + 0 - 5 STORE:238  18
 THEOREM    1251 MSEC  LINKS:  19 +  0 -  0 CLAUSES:  4 + 0 - 0 STORE:235  20
 THEOREM    1314 MSEC  LINKS:  19 +  0 -  0 CLAUSES:  4 + 0 - 0 STORE:232  20
 THEOREM    1252 MSEC  LINKS:  19 +  0 -  0 CLAUSES:  4 + 0 - 0 STORE:228  20
 THEOREM    1316 MSEC  LINKS:  19 +  0 -  0 CLAUSES:  4 + 0 - 0 STORE:225  20
 THEOREM    1186 MSEC  LINKS:  19 +  0 -  0 CLAUSES:  4 + 0 - 0 STORE:222  20
 THEOREM    1320 MSEC  LINKS:  19 +  0 -  0 CLAUSES:  4 + 0 - 0 STORE:218  20
 THEOREM    1198 MSEC  LINKS:  19 +  0 -  0 CLAUSES:  4 + 0 - 0 STORE:215  20
 THEOREM    1332 MSEC  LINKS:  19 +  0 -  0 CLAUSES:  4 + 0 - 0 STORE:211  20
 THEOREM    1109 MSEC  LINKS:  19 +  0 -  0 CLAUSES:  4 + 0 - 0 STORE:208  20
 THEOREM    1168 MSEC  LINKS:  19 +  0 -  0 CLAUSES:  4 + 0 - 0 STORE:205  20
 THEOREM    1101 MSEC  LINKS:  19 +  0 -  0 CLAUSES:  4 + 0 - 0 STORE:202  20
 THEOREM    1163 MSEC  LINKS:  19 +  0 -  0 CLAUSES:  4 + 0 - 0 STORE:199  20
 THEOREM    1031 MSEC  LINKS:  19 +  0 -  0 CLAUSES:  4 + 0 - 0 STORE:196  20
 THEOREM    1216 MSEC  LINKS:  19 +  0 -  0 CLAUSES:  4 + 0 - 0 STORE:193  20
 THEOREM    1033 MSEC  LINKS:  19 +  0 -  0 CLAUSES:  4 + 0 - 0 STORE:190  20
 THEOREM    1205 MSEC  LINKS:  19 +  0 -  0 CLAUSES:  4 + 0 - 0 STORE:187  20
 THEOREM    1265 MSEC  LINKS:  19 +  0 -  0 CLAUSES:  4 + 0 - 0 STORE:184  20
 THEOREM    3370 MSEC  LINKS:  21 +  2 -  0 CLAUSES:  5 + 1 - 0 STORE:175  20
 THEOREM    1341 MSEC  LINKS:  21 +  0 -  0 CLAUSES:  5 + 0 - 0 STORE:172  20
 THEOREM    4576 MSEC  LINKS:   0 +  0 - 21 CLAUSES:  2 + 1 - 4 STORE:161  20
 RED.SUC    2420 MSEC  LINKS:   0 + 26 - 26 CLAUSES:  3 + 1 - 0 STORE:156  20
 REFUTATION DETECTED
  CONSTRUCT:     **********          THEOREM BEWIESEN          **********     
 NIL
 =TR.ANDREWS.BIG
 =/"OPTION MSG=F"
 /"SYSFILE SYSLST=(PRIMARY)"
